\BOOKMARK [1][-]{section.1}{Mengen}{}% 1
\BOOKMARK [2][-]{subsection.1.1}{Vereinigung}{section.1}% 2
\BOOKMARK [2][-]{subsection.1.2}{Durchschnitt}{section.1}% 3
\BOOKMARK [2][-]{subsection.1.3}{Differenz}{section.1}% 4
\BOOKMARK [2][-]{subsection.1.4}{Symmetrische Differenz}{section.1}% 5
\BOOKMARK [2][-]{subsection.1.5}{Definierte Zahlenmengen}{section.1}% 6
\BOOKMARK [1][-]{section.2}{Betrag}{}% 7
\BOOKMARK [1][-]{section.3}{Intervalle}{}% 8
\BOOKMARK [2][-]{subsection.3.1}{Abgeschlossene Intervalle}{section.3}% 9
\BOOKMARK [2][-]{subsection.3.2}{Offene Intervalle}{section.3}% 10
\BOOKMARK [2][-]{subsection.3.3}{Halboffene Intervalle}{section.3}% 11
\BOOKMARK [1][-]{section.4}{Binomische Formeln}{}% 12
\BOOKMARK [1][-]{section.5}{Euklidischer Algorithmus}{}% 13
\BOOKMARK [1][-]{section.6}{Br\374che dividieren}{}% 14
\BOOKMARK [1][-]{section.7}{Potenzgesetze}{}% 15
\BOOKMARK [1][-]{section.8}{Wurzelgesetze}{}% 16
\BOOKMARK [2][-]{subsection.8.1}{Wurzeltherme vereinfachen \(Beispiele\)}{section.8}% 17
\BOOKMARK [1][-]{section.9}{L\366sungsmenge}{}% 18
\BOOKMARK [1][-]{section.10}{Normalform}{}% 19
\BOOKMARK [2][-]{subsection.10.1}{p-q-Formel}{section.10}% 20
\BOOKMARK [1][-]{section.11}{Quadratische Erg\344nzung}{}% 21
\BOOKMARK [1][-]{section.12}{Faktorisieren}{}% 22
\BOOKMARK [2][-]{subsection.12.1}{Faktorisierung durch Ausklammern}{section.12}% 23
\BOOKMARK [2][-]{subsection.12.2}{Faktorisierung mit binomischen Formeln}{section.12}% 24
\BOOKMARK [2][-]{subsection.12.3}{Faktorisierung mit dem Satz von Vi\353ta}{section.12}% 25
\BOOKMARK [1][-]{section.13}{Substitution}{}% 26
\BOOKMARK [1][-]{section.14}{Ungleichungen}{}% 27
\BOOKMARK [2][-]{subsection.14.1}{Rechenregeln}{section.14}% 28
\BOOKMARK [2][-]{subsection.14.2}{Quadratische Ungleichungen}{section.14}% 29
\BOOKMARK [2][-]{subsection.14.3}{Ungleichungen mit Betr\344gen}{section.14}% 30
\BOOKMARK [2][-]{subsection.14.4}{Ungleichungen mit Variable im Nenner \205 Teil I}{section.14}% 31
\BOOKMARK [2][-]{subsection.14.5}{Ungleichungen mit Variable im Nenner \205 Teil II}{section.14}% 32
\BOOKMARK [1][-]{section.15}{Lineare Gleichungssysteme}{}% 33
\BOOKMARK [2][-]{subsection.15.1}{Einsetzungsverfahren}{section.15}% 34
\BOOKMARK [2][-]{subsection.15.2}{Additionsverfahren}{section.15}% 35
\BOOKMARK [2][-]{subsection.15.3}{Gau\337-Verfahren}{section.15}% 36
\BOOKMARK [2][-]{subsection.15.4}{LGS mit Parameter}{section.15}% 37
\BOOKMARK [1][-]{section.16}{Geometrie}{}% 38
\BOOKMARK [2][-]{subsection.16.1}{Rechtwinklige Dreiecke}{section.16}% 39
\BOOKMARK [3][-]{subsubsection.16.1.1}{Kathetensatz}{subsection.16.1}% 40
\BOOKMARK [3][-]{subsubsection.16.1.2}{H\366hensatz}{subsection.16.1}% 41
\BOOKMARK [3][-]{subsubsection.16.1.3}{Sinus, Kosinus und Tangens}{subsection.16.1}% 42
\BOOKMARK [2][-]{subsection.16.2}{Rechnen mit Fl\344chen \(Formeln\)}{section.16}% 43
\BOOKMARK [3][-]{subsubsection.16.2.1}{Dreieck}{subsection.16.2}% 44
\BOOKMARK [3][-]{subsubsection.16.2.2}{Kreis}{subsection.16.2}% 45
\BOOKMARK [2][-]{subsection.16.3}{Rechnen mit K\366rpern \(Formeln\)}{section.16}% 46
\BOOKMARK [3][-]{subsubsection.16.3.1}{Prisma}{subsection.16.3}% 47
\BOOKMARK [3][-]{subsubsection.16.3.2}{Pyramide}{subsection.16.3}% 48
\BOOKMARK [3][-]{subsubsection.16.3.3}{Zylinder}{subsection.16.3}% 49
\BOOKMARK [3][-]{subsubsection.16.3.4}{Kegel}{subsection.16.3}% 50
\BOOKMARK [1][-]{section.17}{Funktionen}{}% 51
\BOOKMARK [2][-]{subsection.17.1}{Allgemeines}{section.17}% 52
\BOOKMARK [3][-]{subsubsection.17.1.1}{Monotonie}{subsection.17.1}% 53
\BOOKMARK [3][-]{subsubsection.17.1.2}{Besondere Stellen}{subsection.17.1}% 54
\BOOKMARK [2][-]{subsection.17.2}{Potenz- und Wurzelfunktionen}{section.17}% 55
\BOOKMARK [3][-]{subsubsection.17.2.1}{Wurzelgleichungen}{subsection.17.2}% 56
\BOOKMARK [3][-]{subsubsection.17.2.2}{Wurzelgleichungen mit mehreren Wurzeln \(Beispiel\)}{subsection.17.2}% 57
\BOOKMARK [2][-]{subsection.17.3}{Betragsfunktionen}{section.17}% 58
\BOOKMARK [3][-]{subsubsection.17.3.1}{Betragsgleichungen mit mehreren Betr\344gen}{subsection.17.3}% 59
